2017-12-07 10:32:56.380  INFO 13288 --- [main] com.demo.EurekaConsumerFeignApplication  : No active profile set, falling back to default profiles: default
2017-12-07 10:32:56.396  INFO 13288 --- [main] ationConfigEmbeddedWebApplicationContext : Refreshing org.springframework.boot.context.embedded.AnnotationConfigEmbeddedWebApplicationContext@366ac49b: startup date [Thu Dec 07 10:32:56 CST 2017]; parent: org.springframework.context.annotation.AnnotationConfigApplicationContext@3cc1435c
2017-12-07 10:32:57.664  INFO 13288 --- [main] o.s.cloud.context.scope.GenericScope     : BeanFactory id=21358447-84ed-38e7-ad42-9c7062da2dca
2017-12-07 10:32:57.760  INFO 13288 --- [main] f.a.AutowiredAnnotationBeanPostProcessor : JSR-330 'javax.inject.Inject' annotation found and supported for autowiring
2017-12-07 10:32:57.791  INFO 13288 --- [main] trationDelegate$BeanPostProcessorChecker : Bean 'org.springframework.cloud.autoconfigure.ConfigurationPropertiesRebinderAutoConfiguration' of type [class org.springframework.cloud.autoconfigure.ConfigurationPropertiesRebinderAutoConfiguration$$EnhancerBySpringCGLIB$$a5653833] is not eligible for getting processed by all BeanPostProcessors (for example: not eligible for auto-proxying)
2017-12-07 10:32:58.182  INFO 13288 --- [main] s.b.c.e.t.TomcatEmbeddedServletContainer : Tomcat initialized with port(s): 2101 (http)
2017-12-07 10:32:58.212  INFO 13288 --- [main] o.apache.catalina.core.StandardService   : Starting service Tomcat
2017-12-07 10:32:58.214  INFO 13288 --- [main] org.apache.catalina.core.StandardEngine  : Starting Servlet Engine: Apache Tomcat/8.5.6
2017-12-07 10:32:58.424  INFO 13288 --- [localhost-startStop-1] o.a.c.c.C.[Tomcat].[localhost].[/]       : Initializing Spring embedded WebApplicationContext
2017-12-07 10:32:58.424  INFO 13288 --- [localhost-startStop-1] o.s.web.context.ContextLoader            : Root WebApplicationContext: initialization completed in 2028 ms
2017-12-07 10:32:58.721  INFO 13288 --- [localhost-startStop-1] o.s.b.w.servlet.ServletRegistrationBean  : Mapping servlet: 'dispatcherServlet' to [/]
2017-12-07 10:32:58.731  INFO 13288 --- [localhost-startStop-1] o.s.b.w.servlet.FilterRegistrationBean   : Mapping filter: 'characterEncodingFilter' to: [/*]
2017-12-07 10:32:58.731  INFO 13288 --- [localhost-startStop-1] o.s.b.w.servlet.FilterRegistrationBean   : Mapping filter: 'hiddenHttpMethodFilter' to: [/*]
2017-12-07 10:32:58.731  INFO 13288 --- [localhost-startStop-1] o.s.b.w.servlet.FilterRegistrationBean   : Mapping filter: 'httpPutFormContentFilter' to: [/*]
2017-12-07 10:32:58.731  INFO 13288 --- [localhost-startStop-1] o.s.b.w.servlet.FilterRegistrationBean   : Mapping filter: 'requestContextFilter' to: [/*]
2017-12-07 10:32:58.887  INFO 13288 --- [main] s.c.a.AnnotationConfigApplicationContext : Refreshing org.springframework.context.annotation.AnnotationConfigApplicationContext@70e3f36f: startup date [Thu Dec 07 10:32:58 CST 2017]; parent: org.springframework.boot.context.embedded.AnnotationConfigEmbeddedWebApplicationContext@366ac49b
2017-12-07 10:32:58.919  INFO 13288 --- [main] f.a.AutowiredAnnotationBeanPostProcessor : JSR-330 'javax.inject.Inject' annotation found and supported for autowiring
2017-12-07 10:32:59.419  WARN 13288 --- [main] ationConfigEmbeddedWebApplicationContext : Exception encountered during context initialization - cancelling refresh attempt: org.springframework.beans.factory.UnsatisfiedDependencyException: Error creating bean with name 'dcController': Unsatisfied dependency expressed through field 'dcClient'; nested exception is org.springframework.beans.factory.BeanCreationException: Error creating bean with name 'com.demo.model.DcClient': FactoryBean threw exception on object creation; nested exception is java.lang.IllegalStateException: Method comsumer not annotated with HTTP method type (ex. GET, POST)
2017-12-07 10:32:59.419  INFO 13288 --- [main] s.c.a.AnnotationConfigApplicationContext : Closing org.springframework.context.annotation.AnnotationConfigApplicationContext@70e3f36f: startup date [Thu Dec 07 10:32:58 CST 2017]; parent: org.springframework.boot.context.embedded.AnnotationConfigEmbeddedWebApplicationContext@366ac49b
2017-12-07 10:32:59.434  INFO 13288 --- [main] o.apache.catalina.core.StandardService   : Stopping service Tomcat
2017-12-07 10:32:59.450  INFO 13288 --- [main] utoConfigurationReportLoggingInitializer : 

Error starting ApplicationContext. To display the auto-configuration report re-run your application with 'debug' enabled.
2017-12-07 10:32:59.465 ERROR 13288 --- [main] o.s.boot.SpringApplication               : Application startup failed

org.springframework.beans.factory.UnsatisfiedDependencyException: Error creating bean with name 'dcController': Unsatisfied dependency expressed through field 'dcClient'; nested exception is org.springframework.beans.factory.BeanCreationException: Error creating bean with name 'com.demo.model.DcClient': FactoryBean threw exception on object creation; nested exception is java.lang.IllegalStateException: Method comsumer not annotated with HTTP method type (ex. GET, POST)
	at org.springframework.beans.factory.annotation.AutowiredAnnotationBeanPostProcessor$AutowiredFieldElement.inject(AutowiredAnnotationBeanPostProcessor.java:592) ~[spring-beans-4.3.4.RELEASE.jar:4.3.4.RELEASE]
	at org.springframework.beans.factory.annotation.InjectionMetadata.inject(InjectionMetadata.java:88) ~[spring-beans-4.3.4.RELEASE.jar:4.3.4.RELEASE]
	at org.springframework.beans.factory.annotation.AutowiredAnnotationBeanPostProcessor.postProcessPropertyValues(AutowiredAnnotationBeanPostProcessor.java:370) ~[spring-beans-4.3.4.RELEASE.jar:4.3.4.RELEASE]
	at org.springframework.beans.factory.support.AbstractAutowireCapableBeanFactory.populateBean(AbstractAutowireCapableBeanFactory.java:1219) ~[spring-beans-4.3.4.RELEASE.jar:4.3.4.RELEASE]
	at org.springframework.beans.factory.support.AbstractAutowireCapableBeanFactory.doCreateBean(AbstractAutowireCapableBeanFactory.java:551) ~[spring-beans-4.3.4.RELEASE.jar:4.3.4.RELEASE]
	at org.springframework.beans.factory.support.AbstractAutowireCapableBeanFactory.createBean(AbstractAutowireCapableBeanFactory.java:482) ~[spring-beans-4.3.4.RELEASE.jar:4.3.4.RELEASE]
	at org.springframework.beans.factory.support.AbstractBeanFactory$1.getObject(AbstractBeanFactory.java:306) ~[spring-beans-4.3.4.RELEASE.jar:4.3.4.RELEASE]
	at org.springframework.beans.factory.support.DefaultSingletonBeanRegistry.getSingleton(DefaultSingletonBeanRegistry.java:230) ~[spring-beans-4.3.4.RELEASE.jar:4.3.4.RELEASE]
	at org.springframework.beans.factory.support.AbstractBeanFactory.doGetBean(AbstractBeanFactory.java:302) ~[spring-beans-4.3.4.RELEASE.jar:4.3.4.RELEASE]
	at org.springframework.beans.factory.support.AbstractBeanFactory.getBean(AbstractBeanFactory.java:197) ~[spring-beans-4.3.4.RELEASE.jar:4.3.4.RELEASE]
	at org.springframework.beans.factory.support.DefaultListableBeanFactory.preInstantiateSingletons(DefaultListableBeanFactory.java:754) ~[spring-beans-4.3.4.RELEASE.jar:4.3.4.RELEASE]
	at org.springframework.context.support.AbstractApplicationContext.finishBeanFactoryInitialization(AbstractApplicationContext.java:866) ~[spring-context-4.3.4.RELEASE.jar:4.3.4.RELEASE]
	at org.springframework.context.support.AbstractApplicationContext.refresh(AbstractApplicationContext.java:542) ~[spring-context-4.3.4.RELEASE.jar:4.3.4.RELEASE]
	at org.springframework.boot.context.embedded.EmbeddedWebApplicationContext.refresh(EmbeddedWebApplicationContext.java:122) ~[spring-boot-1.4.2.RELEASE.jar:1.4.2.RELEASE]
	at org.springframework.boot.SpringApplication.refresh(SpringApplication.java:761) ~[spring-boot-1.4.2.RELEASE.jar:1.4.2.RELEASE]
	at org.springframework.boot.SpringApplication.refreshContext(SpringApplication.java:371) ~[spring-boot-1.4.2.RELEASE.jar:1.4.2.RELEASE]
	at org.springframework.boot.SpringApplication.run(SpringApplication.java:315) ~[spring-boot-1.4.2.RELEASE.jar:1.4.2.RELEASE]
	at org.springframework.boot.builder.SpringApplicationBuilder.run(SpringApplicationBuilder.java:134) [spring-boot-1.4.2.RELEASE.jar:1.4.2.RELEASE]
	at com.demo.EurekaConsumerFeignApplication.main(EurekaConsumerFeignApplication.java:16) [classes/:na]
Caused by: org.springframework.beans.factory.BeanCreationException: Error creating bean with name 'com.demo.model.DcClient': FactoryBean threw exception on object creation; nested exception is java.lang.IllegalStateException: Method comsumer not annotated with HTTP method type (ex. GET, POST)
	at org.springframework.beans.factory.support.FactoryBeanRegistrySupport.doGetObjectFromFactoryBean(FactoryBeanRegistrySupport.java:175) ~[spring-beans-4.3.4.RELEASE.jar:4.3.4.RELEASE]
	at org.springframework.beans.factory.support.FactoryBeanRegistrySupport.getObjectFromFactoryBean(FactoryBeanRegistrySupport.java:103) ~[spring-beans-4.3.4.RELEASE.jar:4.3.4.RELEASE]
	at org.springframework.beans.factory.support.AbstractBeanFactory.getObjectForBeanInstance(AbstractBeanFactory.java:1606) ~[spring-beans-4.3.4.RELEASE.jar:4.3.4.RELEASE]
	at org.springframework.beans.factory.support.AbstractBeanFactory.doGetBean(AbstractBeanFactory.java:254) ~[spring-beans-4.3.4.RELEASE.jar:4.3.4.RELEASE]
	at org.springframework.beans.factory.support.AbstractBeanFactory.getBean(AbstractBeanFactory.java:202) ~[spring-beans-4.3.4.RELEASE.jar:4.3.4.RELEASE]
	at org.springframework.beans.factory.config.DependencyDescriptor.resolveCandidate(DependencyDescriptor.java:207) ~[spring-beans-4.3.4.RELEASE.jar:4.3.4.RELEASE]
	at org.springframework.beans.factory.support.DefaultListableBeanFactory.addCandidateEntry(DefaultListableBeanFactory.java:1289) ~[spring-beans-4.3.4.RELEASE.jar:4.3.4.RELEASE]
	at org.springframework.beans.factory.support.DefaultListableBeanFactory.findAutowireCandidates(DefaultListableBeanFactory.java:1258) ~[spring-beans-4.3.4.RELEASE.jar:4.3.4.RELEASE]
	at org.springframework.beans.factory.support.DefaultListableBeanFactory.doResolveDependency(DefaultListableBeanFactory.java:1094) ~[spring-beans-4.3.4.RELEASE.jar:4.3.4.RELEASE]
	at org.springframework.beans.factory.support.DefaultListableBeanFactory.resolveDependency(DefaultListableBeanFactory.java:1059) ~[spring-beans-4.3.4.RELEASE.jar:4.3.4.RELEASE]
	at org.springframework.beans.factory.annotation.AutowiredAnnotationBeanPostProcessor$AutowiredFieldElement.inject(AutowiredAnnotationBeanPostProcessor.java:589) ~[spring-beans-4.3.4.RELEASE.jar:4.3.4.RELEASE]
	... 18 common frames omitted
Caused by: java.lang.IllegalStateException: Method comsumer not annotated with HTTP method type (ex. GET, POST)
	at feign.Util.checkState(Util.java:128) ~[feign-core-9.3.1.jar:na]
	at feign.Contract$BaseContract.parseAndValidateMetadata(Contract.java:97) ~[feign-core-9.3.1.jar:na]
	at org.springframework.cloud.netflix.feign.support.SpringMvcContract.parseAndValidateMetadata(SpringMvcContract.java:133) ~[spring-cloud-netflix-core-1.2.7.RELEASE.jar:1.2.7.RELEASE]
	at feign.Contract$BaseContract.parseAndValidatateMetadata(Contract.java:64) ~[feign-core-9.3.1.jar:na]
	at feign.hystrix.HystrixDelegatingContract.parseAndValidatateMetadata(HystrixDelegatingContract.java:34) ~[feign-hystrix-9.3.1.jar:na]
	at feign.ReflectiveFeign$ParseHandlersByName.apply(ReflectiveFeign.java:146) ~[feign-core-9.3.1.jar:na]
	at feign.ReflectiveFeign.newInstance(ReflectiveFeign.java:53) ~[feign-core-9.3.1.jar:na]
	at feign.Feign$Builder.target(Feign.java:209) ~[feign-core-9.3.1.jar:na]
	at org.springframework.cloud.netflix.feign.HystrixTargeter.target(HystrixTargeter.java:48) ~[spring-cloud-netflix-core-1.2.7.RELEASE.jar:1.2.7.RELEASE]
	at org.springframework.cloud.netflix.feign.FeignClientFactoryBean.loadBalance(FeignClientFactoryBean.java:146) ~[spring-cloud-netflix-core-1.2.7.RELEASE.jar:1.2.7.RELEASE]
	at org.springframework.cloud.netflix.feign.FeignClientFactoryBean.getObject(FeignClientFactoryBean.java:167) ~[spring-cloud-netflix-core-1.2.7.RELEASE.jar:1.2.7.RELEASE]
	at org.springframework.beans.factory.support.FactoryBeanRegistrySupport.doGetObjectFromFactoryBean(FactoryBeanRegistrySupport.java:168) ~[spring-beans-4.3.4.RELEASE.jar:4.3.4.RELEASE]
	... 28 common frames omitted

2017-12-07 16:48:36.681  INFO 5608 --- [main] com.demo.EurekaConsumerFeignApplication  : No active profile set, falling back to default profiles: default
2017-12-07 16:48:36.710  INFO 5608 --- [main] ationConfigEmbeddedWebApplicationContext : Refreshing org.springframework.boot.context.embedded.AnnotationConfigEmbeddedWebApplicationContext@366ac49b: startup date [Thu Dec 07 16:48:36 CST 2017]; parent: org.springframework.context.annotation.AnnotationConfigApplicationContext@3cc1435c
2017-12-07 16:48:37.873  INFO 5608 --- [main] o.s.cloud.context.scope.GenericScope     : BeanFactory id=21358447-84ed-38e7-ad42-9c7062da2dca
2017-12-07 16:48:37.970  INFO 5608 --- [main] f.a.AutowiredAnnotationBeanPostProcessor : JSR-330 'javax.inject.Inject' annotation found and supported for autowiring
2017-12-07 16:48:38.006  INFO 5608 --- [main] trationDelegate$BeanPostProcessorChecker : Bean 'org.springframework.cloud.autoconfigure.ConfigurationPropertiesRebinderAutoConfiguration' of type [class org.springframework.cloud.autoconfigure.ConfigurationPropertiesRebinderAutoConfiguration$$EnhancerBySpringCGLIB$$a5653833] is not eligible for getting processed by all BeanPostProcessors (for example: not eligible for auto-proxying)
2017-12-07 16:48:38.368  INFO 5608 --- [main] s.b.c.e.t.TomcatEmbeddedServletContainer : Tomcat initialized with port(s): 2101 (http)
2017-12-07 16:48:38.380  INFO 5608 --- [main] o.apache.catalina.core.StandardService   : Starting service Tomcat
2017-12-07 16:48:38.381  INFO 5608 --- [main] org.apache.catalina.core.StandardEngine  : Starting Servlet Engine: Apache Tomcat/8.5.6
2017-12-07 16:48:38.601  INFO 5608 --- [localhost-startStop-1] o.a.c.c.C.[Tomcat].[localhost].[/]       : Initializing Spring embedded WebApplicationContext
2017-12-07 16:48:38.601  INFO 5608 --- [localhost-startStop-1] o.s.web.context.ContextLoader            : Root WebApplicationContext: initialization completed in 1891 ms
2017-12-07 16:48:38.998  INFO 5608 --- [localhost-startStop-1] o.s.b.w.servlet.ServletRegistrationBean  : Mapping servlet: 'dispatcherServlet' to [/]
2017-12-07 16:48:39.023  INFO 5608 --- [localhost-startStop-1] o.s.b.w.servlet.FilterRegistrationBean   : Mapping filter: 'characterEncodingFilter' to: [/*]
2017-12-07 16:48:39.027  INFO 5608 --- [localhost-startStop-1] o.s.b.w.servlet.FilterRegistrationBean   : Mapping filter: 'hiddenHttpMethodFilter' to: [/*]
2017-12-07 16:48:39.031  INFO 5608 --- [localhost-startStop-1] o.s.b.w.servlet.FilterRegistrationBean   : Mapping filter: 'httpPutFormContentFilter' to: [/*]
2017-12-07 16:48:39.036  INFO 5608 --- [localhost-startStop-1] o.s.b.w.servlet.FilterRegistrationBean   : Mapping filter: 'requestContextFilter' to: [/*]
2017-12-07 16:48:39.256  INFO 5608 --- [main] s.c.a.AnnotationConfigApplicationContext : Refreshing org.springframework.context.annotation.AnnotationConfigApplicationContext@70e3f36f: startup date [Thu Dec 07 16:48:39 CST 2017]; parent: org.springframework.boot.context.embedded.AnnotationConfigEmbeddedWebApplicationContext@366ac49b
2017-12-07 16:48:39.295  INFO 5608 --- [main] f.a.AutowiredAnnotationBeanPostProcessor : JSR-330 'javax.inject.Inject' annotation found and supported for autowiring
2017-12-07 16:48:39.869  WARN 5608 --- [main] ationConfigEmbeddedWebApplicationContext : Exception encountered during context initialization - cancelling refresh attempt: org.springframework.beans.factory.UnsatisfiedDependencyException: Error creating bean with name 'dcController': Unsatisfied dependency expressed through field 'dcClient'; nested exception is org.springframework.beans.factory.BeanCreationException: Error creating bean with name 'com.demo.model.DcClient': FactoryBean threw exception on object creation; nested exception is java.lang.IllegalStateException: Method comsumer not annotated with HTTP method type (ex. GET, POST)
2017-12-07 16:48:39.870  INFO 5608 --- [main] s.c.a.AnnotationConfigApplicationContext : Closing org.springframework.context.annotation.AnnotationConfigApplicationContext@70e3f36f: startup date [Thu Dec 07 16:48:39 CST 2017]; parent: org.springframework.boot.context.embedded.AnnotationConfigEmbeddedWebApplicationContext@366ac49b
2017-12-07 16:48:39.872  INFO 5608 --- [main] o.apache.catalina.core.StandardService   : Stopping service Tomcat
2017-12-07 16:48:39.897  INFO 5608 --- [main] utoConfigurationReportLoggingInitializer : 

Error starting ApplicationContext. To display the auto-configuration report re-run your application with 'debug' enabled.
2017-12-07 16:48:39.910 ERROR 5608 --- [main] o.s.boot.SpringApplication               : Application startup failed

org.springframework.beans.factory.UnsatisfiedDependencyException: Error creating bean with name 'dcController': Unsatisfied dependency expressed through field 'dcClient'; nested exception is org.springframework.beans.factory.BeanCreationException: Error creating bean with name 'com.demo.model.DcClient': FactoryBean threw exception on object creation; nested exception is java.lang.IllegalStateException: Method comsumer not annotated with HTTP method type (ex. GET, POST)
	at org.springframework.beans.factory.annotation.AutowiredAnnotationBeanPostProcessor$AutowiredFieldElement.inject(AutowiredAnnotationBeanPostProcessor.java:592) ~[spring-beans-4.3.4.RELEASE.jar:4.3.4.RELEASE]
	at org.springframework.beans.factory.annotation.InjectionMetadata.inject(InjectionMetadata.java:88) ~[spring-beans-4.3.4.RELEASE.jar:4.3.4.RELEASE]
	at org.springframework.beans.factory.annotation.AutowiredAnnotationBeanPostProcessor.postProcessPropertyValues(AutowiredAnnotationBeanPostProcessor.java:370) ~[spring-beans-4.3.4.RELEASE.jar:4.3.4.RELEASE]
	at org.springframework.beans.factory.support.AbstractAutowireCapableBeanFactory.populateBean(AbstractAutowireCapableBeanFactory.java:1219) ~[spring-beans-4.3.4.RELEASE.jar:4.3.4.RELEASE]
	at org.springframework.beans.factory.support.AbstractAutowireCapableBeanFactory.doCreateBean(AbstractAutowireCapableBeanFactory.java:551) ~[spring-beans-4.3.4.RELEASE.jar:4.3.4.RELEASE]
	at org.springframework.beans.factory.support.AbstractAutowireCapableBeanFactory.createBean(AbstractAutowireCapableBeanFactory.java:482) ~[spring-beans-4.3.4.RELEASE.jar:4.3.4.RELEASE]
	at org.springframework.beans.factory.support.AbstractBeanFactory$1.getObject(AbstractBeanFactory.java:306) ~[spring-beans-4.3.4.RELEASE.jar:4.3.4.RELEASE]
	at org.springframework.beans.factory.support.DefaultSingletonBeanRegistry.getSingleton(DefaultSingletonBeanRegistry.java:230) ~[spring-beans-4.3.4.RELEASE.jar:4.3.4.RELEASE]
	at org.springframework.beans.factory.support.AbstractBeanFactory.doGetBean(AbstractBeanFactory.java:302) ~[spring-beans-4.3.4.RELEASE.jar:4.3.4.RELEASE]
	at org.springframework.beans.factory.support.AbstractBeanFactory.getBean(AbstractBeanFactory.java:197) ~[spring-beans-4.3.4.RELEASE.jar:4.3.4.RELEASE]
	at org.springframework.beans.factory.support.DefaultListableBeanFactory.preInstantiateSingletons(DefaultListableBeanFactory.java:754) ~[spring-beans-4.3.4.RELEASE.jar:4.3.4.RELEASE]
	at org.springframework.context.support.AbstractApplicationContext.finishBeanFactoryInitialization(AbstractApplicationContext.java:866) ~[spring-context-4.3.4.RELEASE.jar:4.3.4.RELEASE]
	at org.springframework.context.support.AbstractApplicationContext.refresh(AbstractApplicationContext.java:542) ~[spring-context-4.3.4.RELEASE.jar:4.3.4.RELEASE]
	at org.springframework.boot.context.embedded.EmbeddedWebApplicationContext.refresh(EmbeddedWebApplicationContext.java:122) ~[spring-boot-1.4.2.RELEASE.jar:1.4.2.RELEASE]
	at org.springframework.boot.SpringApplication.refresh(SpringApplication.java:761) ~[spring-boot-1.4.2.RELEASE.jar:1.4.2.RELEASE]
	at org.springframework.boot.SpringApplication.refreshContext(SpringApplication.java:371) ~[spring-boot-1.4.2.RELEASE.jar:1.4.2.RELEASE]
	at org.springframework.boot.SpringApplication.run(SpringApplication.java:315) ~[spring-boot-1.4.2.RELEASE.jar:1.4.2.RELEASE]
	at org.springframework.boot.builder.SpringApplicationBuilder.run(SpringApplicationBuilder.java:134) [spring-boot-1.4.2.RELEASE.jar:1.4.2.RELEASE]
	at com.demo.EurekaConsumerFeignApplication.main(EurekaConsumerFeignApplication.java:16) [classes/:na]
Caused by: org.springframework.beans.factory.BeanCreationException: Error creating bean with name 'com.demo.model.DcClient': FactoryBean threw exception on object creation; nested exception is java.lang.IllegalStateException: Method comsumer not annotated with HTTP method type (ex. GET, POST)
	at org.springframework.beans.factory.support.FactoryBeanRegistrySupport.doGetObjectFromFactoryBean(FactoryBeanRegistrySupport.java:175) ~[spring-beans-4.3.4.RELEASE.jar:4.3.4.RELEASE]
	at org.springframework.beans.factory.support.FactoryBeanRegistrySupport.getObjectFromFactoryBean(FactoryBeanRegistrySupport.java:103) ~[spring-beans-4.3.4.RELEASE.jar:4.3.4.RELEASE]
	at org.springframework.beans.factory.support.AbstractBeanFactory.getObjectForBeanInstance(AbstractBeanFactory.java:1606) ~[spring-beans-4.3.4.RELEASE.jar:4.3.4.RELEASE]
	at org.springframework.beans.factory.support.AbstractBeanFactory.doGetBean(AbstractBeanFactory.java:254) ~[spring-beans-4.3.4.RELEASE.jar:4.3.4.RELEASE]
	at org.springframework.beans.factory.support.AbstractBeanFactory.getBean(AbstractBeanFactory.java:202) ~[spring-beans-4.3.4.RELEASE.jar:4.3.4.RELEASE]
	at org.springframework.beans.factory.config.DependencyDescriptor.resolveCandidate(DependencyDescriptor.java:207) ~[spring-beans-4.3.4.RELEASE.jar:4.3.4.RELEASE]
	at org.springframework.beans.factory.support.DefaultListableBeanFactory.addCandidateEntry(DefaultListableBeanFactory.java:1289) ~[spring-beans-4.3.4.RELEASE.jar:4.3.4.RELEASE]
	at org.springframework.beans.factory.support.DefaultListableBeanFactory.findAutowireCandidates(DefaultListableBeanFactory.java:1258) ~[spring-beans-4.3.4.RELEASE.jar:4.3.4.RELEASE]
	at org.springframework.beans.factory.support.DefaultListableBeanFactory.doResolveDependency(DefaultListableBeanFactory.java:1094) ~[spring-beans-4.3.4.RELEASE.jar:4.3.4.RELEASE]
	at org.springframework.beans.factory.support.DefaultListableBeanFactory.resolveDependency(DefaultListableBeanFactory.java:1059) ~[spring-beans-4.3.4.RELEASE.jar:4.3.4.RELEASE]
	at org.springframework.beans.factory.annotation.AutowiredAnnotationBeanPostProcessor$AutowiredFieldElement.inject(AutowiredAnnotationBeanPostProcessor.java:589) ~[spring-beans-4.3.4.RELEASE.jar:4.3.4.RELEASE]
	... 18 common frames omitted
Caused by: java.lang.IllegalStateException: Method comsumer not annotated with HTTP method type (ex. GET, POST)
	at feign.Util.checkState(Util.java:128) ~[feign-core-9.3.1.jar:na]
	at feign.Contract$BaseContract.parseAndValidateMetadata(Contract.java:97) ~[feign-core-9.3.1.jar:na]
	at org.springframework.cloud.netflix.feign.support.SpringMvcContract.parseAndValidateMetadata(SpringMvcContract.java:133) ~[spring-cloud-netflix-core-1.2.7.RELEASE.jar:1.2.7.RELEASE]
	at feign.Contract$BaseContract.parseAndValidatateMetadata(Contract.java:64) ~[feign-core-9.3.1.jar:na]
	at feign.hystrix.HystrixDelegatingContract.parseAndValidatateMetadata(HystrixDelegatingContract.java:34) ~[feign-hystrix-9.3.1.jar:na]
	at feign.ReflectiveFeign$ParseHandlersByName.apply(ReflectiveFeign.java:146) ~[feign-core-9.3.1.jar:na]
	at feign.ReflectiveFeign.newInstance(ReflectiveFeign.java:53) ~[feign-core-9.3.1.jar:na]
	at feign.Feign$Builder.target(Feign.java:209) ~[feign-core-9.3.1.jar:na]
	at org.springframework.cloud.netflix.feign.HystrixTargeter.target(HystrixTargeter.java:48) ~[spring-cloud-netflix-core-1.2.7.RELEASE.jar:1.2.7.RELEASE]
	at org.springframework.cloud.netflix.feign.FeignClientFactoryBean.loadBalance(FeignClientFactoryBean.java:146) ~[spring-cloud-netflix-core-1.2.7.RELEASE.jar:1.2.7.RELEASE]
	at org.springframework.cloud.netflix.feign.FeignClientFactoryBean.getObject(FeignClientFactoryBean.java:167) ~[spring-cloud-netflix-core-1.2.7.RELEASE.jar:1.2.7.RELEASE]
	at org.springframework.beans.factory.support.FactoryBeanRegistrySupport.doGetObjectFromFactoryBean(FactoryBeanRegistrySupport.java:168) ~[spring-beans-4.3.4.RELEASE.jar:4.3.4.RELEASE]
	... 28 common frames omitted

2017-12-07 16:58:35.090  INFO 2188 --- [main] com.demo.EurekaConsumerFeignApplication  : No active profile set, falling back to default profiles: default
2017-12-07 16:58:35.118  INFO 2188 --- [main] ationConfigEmbeddedWebApplicationContext : Refreshing org.springframework.boot.context.embedded.AnnotationConfigEmbeddedWebApplicationContext@366ac49b: startup date [Thu Dec 07 16:58:35 CST 2017]; parent: org.springframework.context.annotation.AnnotationConfigApplicationContext@3cc1435c
2017-12-07 16:58:36.454  INFO 2188 --- [main] o.s.cloud.context.scope.GenericScope     : BeanFactory id=21358447-84ed-38e7-ad42-9c7062da2dca
2017-12-07 16:58:36.540  INFO 2188 --- [main] f.a.AutowiredAnnotationBeanPostProcessor : JSR-330 'javax.inject.Inject' annotation found and supported for autowiring
2017-12-07 16:58:36.569  INFO 2188 --- [main] trationDelegate$BeanPostProcessorChecker : Bean 'org.springframework.cloud.autoconfigure.ConfigurationPropertiesRebinderAutoConfiguration' of type [class org.springframework.cloud.autoconfigure.ConfigurationPropertiesRebinderAutoConfiguration$$EnhancerBySpringCGLIB$$a5653833] is not eligible for getting processed by all BeanPostProcessors (for example: not eligible for auto-proxying)
2017-12-07 16:58:36.969  INFO 2188 --- [main] s.b.c.e.t.TomcatEmbeddedServletContainer : Tomcat initialized with port(s): 2101 (http)
2017-12-07 16:58:36.993  INFO 2188 --- [main] o.apache.catalina.core.StandardService   : Starting service Tomcat
2017-12-07 16:58:36.994  INFO 2188 --- [main] org.apache.catalina.core.StandardEngine  : Starting Servlet Engine: Apache Tomcat/8.5.6
2017-12-07 16:58:37.205  INFO 2188 --- [localhost-startStop-1] o.a.c.c.C.[Tomcat].[localhost].[/]       : Initializing Spring embedded WebApplicationContext
2017-12-07 16:58:37.205  INFO 2188 --- [localhost-startStop-1] o.s.web.context.ContextLoader            : Root WebApplicationContext: initialization completed in 2087 ms
2017-12-07 16:58:37.506  INFO 2188 --- [localhost-startStop-1] o.s.b.w.servlet.ServletRegistrationBean  : Mapping servlet: 'dispatcherServlet' to [/]
2017-12-07 16:58:37.514  INFO 2188 --- [localhost-startStop-1] o.s.b.w.servlet.FilterRegistrationBean   : Mapping filter: 'characterEncodingFilter' to: [/*]
2017-12-07 16:58:37.515  INFO 2188 --- [localhost-startStop-1] o.s.b.w.servlet.FilterRegistrationBean   : Mapping filter: 'hiddenHttpMethodFilter' to: [/*]
2017-12-07 16:58:37.518  INFO 2188 --- [localhost-startStop-1] o.s.b.w.servlet.FilterRegistrationBean   : Mapping filter: 'httpPutFormContentFilter' to: [/*]
2017-12-07 16:58:37.519  INFO 2188 --- [localhost-startStop-1] o.s.b.w.servlet.FilterRegistrationBean   : Mapping filter: 'requestContextFilter' to: [/*]
2017-12-07 16:58:37.629  INFO 2188 --- [main] s.c.a.AnnotationConfigApplicationContext : Refreshing org.springframework.context.annotation.AnnotationConfigApplicationContext@70e3f36f: startup date [Thu Dec 07 16:58:37 CST 2017]; parent: org.springframework.boot.context.embedded.AnnotationConfigEmbeddedWebApplicationContext@366ac49b
2017-12-07 16:58:37.657  INFO 2188 --- [main] f.a.AutowiredAnnotationBeanPostProcessor : JSR-330 'javax.inject.Inject' annotation found and supported for autowiring
2017-12-07 16:58:38.130  WARN 2188 --- [main] ationConfigEmbeddedWebApplicationContext : Exception encountered during context initialization - cancelling refresh attempt: org.springframework.beans.factory.UnsatisfiedDependencyException: Error creating bean with name 'dcController': Unsatisfied dependency expressed through field 'dcClient'; nested exception is org.springframework.beans.factory.BeanCreationException: Error creating bean with name 'com.demo.model.DcClient': FactoryBean threw exception on object creation; nested exception is java.lang.IllegalStateException: Method comsumer not annotated with HTTP method type (ex. GET, POST)
2017-12-07 16:58:38.132  INFO 2188 --- [main] s.c.a.AnnotationConfigApplicationContext : Closing org.springframework.context.annotation.AnnotationConfigApplicationContext@70e3f36f: startup date [Thu Dec 07 16:58:37 CST 2017]; parent: org.springframework.boot.context.embedded.AnnotationConfigEmbeddedWebApplicationContext@366ac49b
2017-12-07 16:58:38.134  INFO 2188 --- [main] o.apache.catalina.core.StandardService   : Stopping service Tomcat
2017-12-07 16:58:38.157  INFO 2188 --- [main] utoConfigurationReportLoggingInitializer : 

Error starting ApplicationContext. To display the auto-configuration report re-run your application with 'debug' enabled.
2017-12-07 16:58:38.167 ERROR 2188 --- [main] o.s.boot.SpringApplication               : Application startup failed

org.springframework.beans.factory.UnsatisfiedDependencyException: Error creating bean with name 'dcController': Unsatisfied dependency expressed through field 'dcClient'; nested exception is org.springframework.beans.factory.BeanCreationException: Error creating bean with name 'com.demo.model.DcClient': FactoryBean threw exception on object creation; nested exception is java.lang.IllegalStateException: Method comsumer not annotated with HTTP method type (ex. GET, POST)
	at org.springframework.beans.factory.annotation.AutowiredAnnotationBeanPostProcessor$AutowiredFieldElement.inject(AutowiredAnnotationBeanPostProcessor.java:592) ~[spring-beans-4.3.4.RELEASE.jar:4.3.4.RELEASE]
	at org.springframework.beans.factory.annotation.InjectionMetadata.inject(InjectionMetadata.java:88) ~[spring-beans-4.3.4.RELEASE.jar:4.3.4.RELEASE]
	at org.springframework.beans.factory.annotation.AutowiredAnnotationBeanPostProcessor.postProcessPropertyValues(AutowiredAnnotationBeanPostProcessor.java:370) ~[spring-beans-4.3.4.RELEASE.jar:4.3.4.RELEASE]
	at org.springframework.beans.factory.support.AbstractAutowireCapableBeanFactory.populateBean(AbstractAutowireCapableBeanFactory.java:1219) ~[spring-beans-4.3.4.RELEASE.jar:4.3.4.RELEASE]
	at org.springframework.beans.factory.support.AbstractAutowireCapableBeanFactory.doCreateBean(AbstractAutowireCapableBeanFactory.java:551) ~[spring-beans-4.3.4.RELEASE.jar:4.3.4.RELEASE]
	at org.springframework.beans.factory.support.AbstractAutowireCapableBeanFactory.createBean(AbstractAutowireCapableBeanFactory.java:482) ~[spring-beans-4.3.4.RELEASE.jar:4.3.4.RELEASE]
	at org.springframework.beans.factory.support.AbstractBeanFactory$1.getObject(AbstractBeanFactory.java:306) ~[spring-beans-4.3.4.RELEASE.jar:4.3.4.RELEASE]
	at org.springframework.beans.factory.support.DefaultSingletonBeanRegistry.getSingleton(DefaultSingletonBeanRegistry.java:230) ~[spring-beans-4.3.4.RELEASE.jar:4.3.4.RELEASE]
	at org.springframework.beans.factory.support.AbstractBeanFactory.doGetBean(AbstractBeanFactory.java:302) ~[spring-beans-4.3.4.RELEASE.jar:4.3.4.RELEASE]
	at org.springframework.beans.factory.support.AbstractBeanFactory.getBean(AbstractBeanFactory.java:197) ~[spring-beans-4.3.4.RELEASE.jar:4.3.4.RELEASE]
	at org.springframework.beans.factory.support.DefaultListableBeanFactory.preInstantiateSingletons(DefaultListableBeanFactory.java:754) ~[spring-beans-4.3.4.RELEASE.jar:4.3.4.RELEASE]
	at org.springframework.context.support.AbstractApplicationContext.finishBeanFactoryInitialization(AbstractApplicationContext.java:866) ~[spring-context-4.3.4.RELEASE.jar:4.3.4.RELEASE]
	at org.springframework.context.support.AbstractApplicationContext.refresh(AbstractApplicationContext.java:542) ~[spring-context-4.3.4.RELEASE.jar:4.3.4.RELEASE]
	at org.springframework.boot.context.embedded.EmbeddedWebApplicationContext.refresh(EmbeddedWebApplicationContext.java:122) ~[spring-boot-1.4.2.RELEASE.jar:1.4.2.RELEASE]
	at org.springframework.boot.SpringApplication.refresh(SpringApplication.java:761) ~[spring-boot-1.4.2.RELEASE.jar:1.4.2.RELEASE]
	at org.springframework.boot.SpringApplication.refreshContext(SpringApplication.java:371) ~[spring-boot-1.4.2.RELEASE.jar:1.4.2.RELEASE]
	at org.springframework.boot.SpringApplication.run(SpringApplication.java:315) ~[spring-boot-1.4.2.RELEASE.jar:1.4.2.RELEASE]
	at org.springframework.boot.builder.SpringApplicationBuilder.run(SpringApplicationBuilder.java:134) [spring-boot-1.4.2.RELEASE.jar:1.4.2.RELEASE]
	at com.demo.EurekaConsumerFeignApplication.main(EurekaConsumerFeignApplication.java:16) [classes/:na]
Caused by: org.springframework.beans.factory.BeanCreationException: Error creating bean with name 'com.demo.model.DcClient': FactoryBean threw exception on object creation; nested exception is java.lang.IllegalStateException: Method comsumer not annotated with HTTP method type (ex. GET, POST)
	at org.springframework.beans.factory.support.FactoryBeanRegistrySupport.doGetObjectFromFactoryBean(FactoryBeanRegistrySupport.java:175) ~[spring-beans-4.3.4.RELEASE.jar:4.3.4.RELEASE]
	at org.springframework.beans.factory.support.FactoryBeanRegistrySupport.getObjectFromFactoryBean(FactoryBeanRegistrySupport.java:103) ~[spring-beans-4.3.4.RELEASE.jar:4.3.4.RELEASE]
	at org.springframework.beans.factory.support.AbstractBeanFactory.getObjectForBeanInstance(AbstractBeanFactory.java:1606) ~[spring-beans-4.3.4.RELEASE.jar:4.3.4.RELEASE]
	at org.springframework.beans.factory.support.AbstractBeanFactory.doGetBean(AbstractBeanFactory.java:254) ~[spring-beans-4.3.4.RELEASE.jar:4.3.4.RELEASE]
	at org.springframework.beans.factory.support.AbstractBeanFactory.getBean(AbstractBeanFactory.java:202) ~[spring-beans-4.3.4.RELEASE.jar:4.3.4.RELEASE]
	at org.springframework.beans.factory.config.DependencyDescriptor.resolveCandidate(DependencyDescriptor.java:207) ~[spring-beans-4.3.4.RELEASE.jar:4.3.4.RELEASE]
	at org.springframework.beans.factory.support.DefaultListableBeanFactory.addCandidateEntry(DefaultListableBeanFactory.java:1289) ~[spring-beans-4.3.4.RELEASE.jar:4.3.4.RELEASE]
	at org.springframework.beans.factory.support.DefaultListableBeanFactory.findAutowireCandidates(DefaultListableBeanFactory.java:1258) ~[spring-beans-4.3.4.RELEASE.jar:4.3.4.RELEASE]
	at org.springframework.beans.factory.support.DefaultListableBeanFactory.doResolveDependency(DefaultListableBeanFactory.java:1094) ~[spring-beans-4.3.4.RELEASE.jar:4.3.4.RELEASE]
	at org.springframework.beans.factory.support.DefaultListableBeanFactory.resolveDependency(DefaultListableBeanFactory.java:1059) ~[spring-beans-4.3.4.RELEASE.jar:4.3.4.RELEASE]
	at org.springframework.beans.factory.annotation.AutowiredAnnotationBeanPostProcessor$AutowiredFieldElement.inject(AutowiredAnnotationBeanPostProcessor.java:589) ~[spring-beans-4.3.4.RELEASE.jar:4.3.4.RELEASE]
	... 18 common frames omitted
Caused by: java.lang.IllegalStateException: Method comsumer not annotated with HTTP method type (ex. GET, POST)
	at feign.Util.checkState(Util.java:128) ~[feign-core-9.3.1.jar:na]
	at feign.Contract$BaseContract.parseAndValidateMetadata(Contract.java:97) ~[feign-core-9.3.1.jar:na]
	at org.springframework.cloud.netflix.feign.support.SpringMvcContract.parseAndValidateMetadata(SpringMvcContract.java:133) ~[spring-cloud-netflix-core-1.2.7.RELEASE.jar:1.2.7.RELEASE]
	at feign.Contract$BaseContract.parseAndValidatateMetadata(Contract.java:64) ~[feign-core-9.3.1.jar:na]
	at feign.hystrix.HystrixDelegatingContract.parseAndValidatateMetadata(HystrixDelegatingContract.java:34) ~[feign-hystrix-9.3.1.jar:na]
	at feign.ReflectiveFeign$ParseHandlersByName.apply(ReflectiveFeign.java:146) ~[feign-core-9.3.1.jar:na]
	at feign.ReflectiveFeign.newInstance(ReflectiveFeign.java:53) ~[feign-core-9.3.1.jar:na]
	at feign.Feign$Builder.target(Feign.java:209) ~[feign-core-9.3.1.jar:na]
	at org.springframework.cloud.netflix.feign.HystrixTargeter.target(HystrixTargeter.java:48) ~[spring-cloud-netflix-core-1.2.7.RELEASE.jar:1.2.7.RELEASE]
	at org.springframework.cloud.netflix.feign.FeignClientFactoryBean.loadBalance(FeignClientFactoryBean.java:146) ~[spring-cloud-netflix-core-1.2.7.RELEASE.jar:1.2.7.RELEASE]
	at org.springframework.cloud.netflix.feign.FeignClientFactoryBean.getObject(FeignClientFactoryBean.java:167) ~[spring-cloud-netflix-core-1.2.7.RELEASE.jar:1.2.7.RELEASE]
	at org.springframework.beans.factory.support.FactoryBeanRegistrySupport.doGetObjectFromFactoryBean(FactoryBeanRegistrySupport.java:168) ~[spring-beans-4.3.4.RELEASE.jar:4.3.4.RELEASE]
	... 28 common frames omitted

2017-12-07 17:02:35.008  INFO 12984 --- [main] com.demo.EurekaConsumerFeignApplication  : No active profile set, falling back to default profiles: default
2017-12-07 17:02:35.045  INFO 12984 --- [main] ationConfigEmbeddedWebApplicationContext : Refreshing org.springframework.boot.context.embedded.AnnotationConfigEmbeddedWebApplicationContext@10ec523c: startup date [Thu Dec 07 17:02:35 CST 2017]; parent: org.springframework.context.annotation.AnnotationConfigApplicationContext@7c1e2a2d
2017-12-07 17:02:36.899  INFO 12984 --- [main] o.s.cloud.context.scope.GenericScope     : BeanFactory id=21358447-84ed-38e7-ad42-9c7062da2dca
2017-12-07 17:02:37.112  INFO 12984 --- [main] f.a.AutowiredAnnotationBeanPostProcessor : JSR-330 'javax.inject.Inject' annotation found and supported for autowiring
2017-12-07 17:02:37.153  INFO 12984 --- [main] trationDelegate$BeanPostProcessorChecker : Bean 'org.springframework.cloud.autoconfigure.ConfigurationPropertiesRebinderAutoConfiguration' of type [class org.springframework.cloud.autoconfigure.ConfigurationPropertiesRebinderAutoConfiguration$$EnhancerBySpringCGLIB$$bdcf465b] is not eligible for getting processed by all BeanPostProcessors (for example: not eligible for auto-proxying)
2017-12-07 17:02:37.766  INFO 12984 --- [main] s.b.c.e.t.TomcatEmbeddedServletContainer : Tomcat initialized with port(s): 2101 (http)
2017-12-07 17:02:37.785  INFO 12984 --- [main] o.apache.catalina.core.StandardService   : Starting service Tomcat
2017-12-07 17:02:37.787  INFO 12984 --- [main] org.apache.catalina.core.StandardEngine  : Starting Servlet Engine: Apache Tomcat/8.5.6
2017-12-07 17:02:38.008  INFO 12984 --- [localhost-startStop-1] o.a.c.c.C.[Tomcat].[localhost].[/]       : Initializing Spring embedded WebApplicationContext
2017-12-07 17:02:38.009  INFO 12984 --- [localhost-startStop-1] o.s.web.context.ContextLoader            : Root WebApplicationContext: initialization completed in 2964 ms
2017-12-07 17:02:38.338  INFO 12984 --- [localhost-startStop-1] o.s.b.w.servlet.ServletRegistrationBean  : Mapping servlet: 'dispatcherServlet' to [/]
2017-12-07 17:02:38.347  INFO 12984 --- [localhost-startStop-1] o.s.b.w.servlet.FilterRegistrationBean   : Mapping filter: 'characterEncodingFilter' to: [/*]
2017-12-07 17:02:38.351  INFO 12984 --- [localhost-startStop-1] o.s.b.w.servlet.FilterRegistrationBean   : Mapping filter: 'hiddenHttpMethodFilter' to: [/*]
2017-12-07 17:02:38.353  INFO 12984 --- [localhost-startStop-1] o.s.b.w.servlet.FilterRegistrationBean   : Mapping filter: 'httpPutFormContentFilter' to: [/*]
2017-12-07 17:02:38.357  INFO 12984 --- [localhost-startStop-1] o.s.b.w.servlet.FilterRegistrationBean   : Mapping filter: 'requestContextFilter' to: [/*]
2017-12-07 17:02:38.611  INFO 12984 --- [main] s.c.a.AnnotationConfigApplicationContext : Refreshing org.springframework.context.annotation.AnnotationConfigApplicationContext@28f4f300: startup date [Thu Dec 07 17:02:38 CST 2017]; parent: org.springframework.boot.context.embedded.AnnotationConfigEmbeddedWebApplicationContext@10ec523c
2017-12-07 17:02:38.645  INFO 12984 --- [main] f.a.AutowiredAnnotationBeanPostProcessor : JSR-330 'javax.inject.Inject' annotation found and supported for autowiring
2017-12-07 17:02:39.438  WARN 12984 --- [main] ationConfigEmbeddedWebApplicationContext : Exception encountered during context initialization - cancelling refresh attempt: org.springframework.beans.factory.UnsatisfiedDependencyException: Error creating bean with name 'dcController': Unsatisfied dependency expressed through field 'dcClient'; nested exception is org.springframework.beans.factory.BeanCreationException: Error creating bean with name 'com.demo.model.DcClient': FactoryBean threw exception on object creation; nested exception is java.lang.IllegalStateException: Method comsumer not annotated with HTTP method type (ex. GET, POST)
2017-12-07 17:02:39.440  INFO 12984 --- [main] s.c.a.AnnotationConfigApplicationContext : Closing org.springframework.context.annotation.AnnotationConfigApplicationContext@28f4f300: startup date [Thu Dec 07 17:02:38 CST 2017]; parent: org.springframework.boot.context.embedded.AnnotationConfigEmbeddedWebApplicationContext@10ec523c
2017-12-07 17:02:39.442  INFO 12984 --- [main] o.apache.catalina.core.StandardService   : Stopping service Tomcat
2017-12-07 17:02:39.468  INFO 12984 --- [main] utoConfigurationReportLoggingInitializer : 

Error starting ApplicationContext. To display the auto-configuration report re-run your application with 'debug' enabled.
2017-12-07 17:02:39.485 ERROR 12984 --- [main] o.s.boot.SpringApplication               : Application startup failed

org.springframework.beans.factory.UnsatisfiedDependencyException: Error creating bean with name 'dcController': Unsatisfied dependency expressed through field 'dcClient'; nested exception is org.springframework.beans.factory.BeanCreationException: Error creating bean with name 'com.demo.model.DcClient': FactoryBean threw exception on object creation; nested exception is java.lang.IllegalStateException: Method comsumer not annotated with HTTP method type (ex. GET, POST)
	at org.springframework.beans.factory.annotation.AutowiredAnnotationBeanPostProcessor$AutowiredFieldElement.inject(AutowiredAnnotationBeanPostProcessor.java:592) ~[spring-beans-4.3.4.RELEASE.jar:4.3.4.RELEASE]
	at org.springframework.beans.factory.annotation.InjectionMetadata.inject(InjectionMetadata.java:88) ~[spring-beans-4.3.4.RELEASE.jar:4.3.4.RELEASE]
	at org.springframework.beans.factory.annotation.AutowiredAnnotationBeanPostProcessor.postProcessPropertyValues(AutowiredAnnotationBeanPostProcessor.java:370) ~[spring-beans-4.3.4.RELEASE.jar:4.3.4.RELEASE]
	at org.springframework.beans.factory.support.AbstractAutowireCapableBeanFactory.populateBean(AbstractAutowireCapableBeanFactory.java:1219) ~[spring-beans-4.3.4.RELEASE.jar:4.3.4.RELEASE]
	at org.springframework.beans.factory.support.AbstractAutowireCapableBeanFactory.doCreateBean(AbstractAutowireCapableBeanFactory.java:551) ~[spring-beans-4.3.4.RELEASE.jar:4.3.4.RELEASE]
	at org.springframework.beans.factory.support.AbstractAutowireCapableBeanFactory.createBean(AbstractAutowireCapableBeanFactory.java:482) ~[spring-beans-4.3.4.RELEASE.jar:4.3.4.RELEASE]
	at org.springframework.beans.factory.support.AbstractBeanFactory$1.getObject(AbstractBeanFactory.java:306) ~[spring-beans-4.3.4.RELEASE.jar:4.3.4.RELEASE]
	at org.springframework.beans.factory.support.DefaultSingletonBeanRegistry.getSingleton(DefaultSingletonBeanRegistry.java:230) ~[spring-beans-4.3.4.RELEASE.jar:4.3.4.RELEASE]
	at org.springframework.beans.factory.support.AbstractBeanFactory.doGetBean(AbstractBeanFactory.java:302) ~[spring-beans-4.3.4.RELEASE.jar:4.3.4.RELEASE]
	at org.springframework.beans.factory.support.AbstractBeanFactory.getBean(AbstractBeanFactory.java:197) ~[spring-beans-4.3.4.RELEASE.jar:4.3.4.RELEASE]
	at org.springframework.beans.factory.support.DefaultListableBeanFactory.preInstantiateSingletons(DefaultListableBeanFactory.java:754) ~[spring-beans-4.3.4.RELEASE.jar:4.3.4.RELEASE]
	at org.springframework.context.support.AbstractApplicationContext.finishBeanFactoryInitialization(AbstractApplicationContext.java:866) ~[spring-context-4.3.4.RELEASE.jar:4.3.4.RELEASE]
	at org.springframework.context.support.AbstractApplicationContext.refresh(AbstractApplicationContext.java:542) ~[spring-context-4.3.4.RELEASE.jar:4.3.4.RELEASE]
	at org.springframework.boot.context.embedded.EmbeddedWebApplicationContext.refresh(EmbeddedWebApplicationContext.java:122) ~[spring-boot-1.4.2.RELEASE.jar:1.4.2.RELEASE]
	at org.springframework.boot.SpringApplication.refresh(SpringApplication.java:761) ~[spring-boot-1.4.2.RELEASE.jar:1.4.2.RELEASE]
	at org.springframework.boot.SpringApplication.refreshContext(SpringApplication.java:371) ~[spring-boot-1.4.2.RELEASE.jar:1.4.2.RELEASE]
	at org.springframework.boot.SpringApplication.run(SpringApplication.java:315) ~[spring-boot-1.4.2.RELEASE.jar:1.4.2.RELEASE]
	at org.springframework.boot.builder.SpringApplicationBuilder.run(SpringApplicationBuilder.java:134) [spring-boot-1.4.2.RELEASE.jar:1.4.2.RELEASE]
	at com.demo.EurekaConsumerFeignApplication.main(EurekaConsumerFeignApplication.java:16) [classes/:na]
Caused by: org.springframework.beans.factory.BeanCreationException: Error creating bean with name 'com.demo.model.DcClient': FactoryBean threw exception on object creation; nested exception is java.lang.IllegalStateException: Method comsumer not annotated with HTTP method type (ex. GET, POST)
	at org.springframework.beans.factory.support.FactoryBeanRegistrySupport.doGetObjectFromFactoryBean(FactoryBeanRegistrySupport.java:175) ~[spring-beans-4.3.4.RELEASE.jar:4.3.4.RELEASE]
	at org.springframework.beans.factory.support.FactoryBeanRegistrySupport.getObjectFromFactoryBean(FactoryBeanRegistrySupport.java:103) ~[spring-beans-4.3.4.RELEASE.jar:4.3.4.RELEASE]
	at org.springframework.beans.factory.support.AbstractBeanFactory.getObjectForBeanInstance(AbstractBeanFactory.java:1606) ~[spring-beans-4.3.4.RELEASE.jar:4.3.4.RELEASE]
	at org.springframework.beans.factory.support.AbstractBeanFactory.doGetBean(AbstractBeanFactory.java:254) ~[spring-beans-4.3.4.RELEASE.jar:4.3.4.RELEASE]
	at org.springframework.beans.factory.support.AbstractBeanFactory.getBean(AbstractBeanFactory.java:202) ~[spring-beans-4.3.4.RELEASE.jar:4.3.4.RELEASE]
	at org.springframework.beans.factory.config.DependencyDescriptor.resolveCandidate(DependencyDescriptor.java:207) ~[spring-beans-4.3.4.RELEASE.jar:4.3.4.RELEASE]
	at org.springframework.beans.factory.support.DefaultListableBeanFactory.addCandidateEntry(DefaultListableBeanFactory.java:1289) ~[spring-beans-4.3.4.RELEASE.jar:4.3.4.RELEASE]
	at org.springframework.beans.factory.support.DefaultListableBeanFactory.findAutowireCandidates(DefaultListableBeanFactory.java:1258) ~[spring-beans-4.3.4.RELEASE.jar:4.3.4.RELEASE]
	at org.springframework.beans.factory.support.DefaultListableBeanFactory.doResolveDependency(DefaultListableBeanFactory.java:1094) ~[spring-beans-4.3.4.RELEASE.jar:4.3.4.RELEASE]
	at org.springframework.beans.factory.support.DefaultListableBeanFactory.resolveDependency(DefaultListableBeanFactory.java:1059) ~[spring-beans-4.3.4.RELEASE.jar:4.3.4.RELEASE]
	at org.springframework.beans.factory.annotation.AutowiredAnnotationBeanPostProcessor$AutowiredFieldElement.inject(AutowiredAnnotationBeanPostProcessor.java:589) ~[spring-beans-4.3.4.RELEASE.jar:4.3.4.RELEASE]
	... 18 common frames omitted
Caused by: java.lang.IllegalStateException: Method comsumer not annotated with HTTP method type (ex. GET, POST)
	at feign.Util.checkState(Util.java:128) ~[feign-core-9.3.1.jar:na]
	at feign.Contract$BaseContract.parseAndValidateMetadata(Contract.java:97) ~[feign-core-9.3.1.jar:na]
	at org.springframework.cloud.netflix.feign.support.SpringMvcContract.parseAndValidateMetadata(SpringMvcContract.java:133) ~[spring-cloud-netflix-core-1.2.7.RELEASE.jar:1.2.7.RELEASE]
	at feign.Contract$BaseContract.parseAndValidatateMetadata(Contract.java:64) ~[feign-core-9.3.1.jar:na]
	at feign.hystrix.HystrixDelegatingContract.parseAndValidatateMetadata(HystrixDelegatingContract.java:34) ~[feign-hystrix-9.3.1.jar:na]
	at feign.ReflectiveFeign$ParseHandlersByName.apply(ReflectiveFeign.java:146) ~[feign-core-9.3.1.jar:na]
	at feign.ReflectiveFeign.newInstance(ReflectiveFeign.java:53) ~[feign-core-9.3.1.jar:na]
	at feign.Feign$Builder.target(Feign.java:209) ~[feign-core-9.3.1.jar:na]
	at org.springframework.cloud.netflix.feign.HystrixTargeter.target(HystrixTargeter.java:48) ~[spring-cloud-netflix-core-1.2.7.RELEASE.jar:1.2.7.RELEASE]
	at org.springframework.cloud.netflix.feign.FeignClientFactoryBean.loadBalance(FeignClientFactoryBean.java:146) ~[spring-cloud-netflix-core-1.2.7.RELEASE.jar:1.2.7.RELEASE]
	at org.springframework.cloud.netflix.feign.FeignClientFactoryBean.getObject(FeignClientFactoryBean.java:167) ~[spring-cloud-netflix-core-1.2.7.RELEASE.jar:1.2.7.RELEASE]
	at org.springframework.beans.factory.support.FactoryBeanRegistrySupport.doGetObjectFromFactoryBean(FactoryBeanRegistrySupport.java:168) ~[spring-beans-4.3.4.RELEASE.jar:4.3.4.RELEASE]
	... 28 common frames omitted

2017-12-07 17:03:48.326  INFO 6504 --- [main] com.demo.EurekaConsumerFeignApplication  : No active profile set, falling back to default profiles: default
2017-12-07 17:03:48.354  INFO 6504 --- [main] ationConfigEmbeddedWebApplicationContext : Refreshing org.springframework.boot.context.embedded.AnnotationConfigEmbeddedWebApplicationContext@68e62ca4: startup date [Thu Dec 07 17:03:48 CST 2017]; parent: org.springframework.context.annotation.AnnotationConfigApplicationContext@7c1e2a2d
2017-12-07 17:03:49.552  INFO 6504 --- [main] o.s.cloud.context.scope.GenericScope     : BeanFactory id=21358447-84ed-38e7-ad42-9c7062da2dca
2017-12-07 17:03:49.658  INFO 6504 --- [main] f.a.AutowiredAnnotationBeanPostProcessor : JSR-330 'javax.inject.Inject' annotation found and supported for autowiring
2017-12-07 17:03:49.695  INFO 6504 --- [main] trationDelegate$BeanPostProcessorChecker : Bean 'org.springframework.cloud.autoconfigure.ConfigurationPropertiesRebinderAutoConfiguration' of type [class org.springframework.cloud.autoconfigure.ConfigurationPropertiesRebinderAutoConfiguration$$EnhancerBySpringCGLIB$$709dcde5] is not eligible for getting processed by all BeanPostProcessors (for example: not eligible for auto-proxying)
2017-12-07 17:03:50.201  INFO 6504 --- [main] s.b.c.e.t.TomcatEmbeddedServletContainer : Tomcat initialized with port(s): 2101 (http)
2017-12-07 17:03:50.221  INFO 6504 --- [main] o.apache.catalina.core.StandardService   : Starting service Tomcat
2017-12-07 17:03:50.223  INFO 6504 --- [main] org.apache.catalina.core.StandardEngine  : Starting Servlet Engine: Apache Tomcat/8.5.6
2017-12-07 17:03:50.462  INFO 6504 --- [localhost-startStop-1] o.a.c.c.C.[Tomcat].[localhost].[/]       : Initializing Spring embedded WebApplicationContext
2017-12-07 17:03:50.463  INFO 6504 --- [localhost-startStop-1] o.s.web.context.ContextLoader            : Root WebApplicationContext: initialization completed in 2109 ms
2017-12-07 17:03:50.760  INFO 6504 --- [localhost-startStop-1] o.s.b.w.servlet.ServletRegistrationBean  : Mapping servlet: 'dispatcherServlet' to [/]
2017-12-07 17:03:50.768  INFO 6504 --- [localhost-startStop-1] o.s.b.w.servlet.FilterRegistrationBean   : Mapping filter: 'characterEncodingFilter' to: [/*]
2017-12-07 17:03:50.770  INFO 6504 --- [localhost-startStop-1] o.s.b.w.servlet.FilterRegistrationBean   : Mapping filter: 'hiddenHttpMethodFilter' to: [/*]
2017-12-07 17:03:50.770  INFO 6504 --- [localhost-startStop-1] o.s.b.w.servlet.FilterRegistrationBean   : Mapping filter: 'httpPutFormContentFilter' to: [/*]
2017-12-07 17:03:50.770  INFO 6504 --- [localhost-startStop-1] o.s.b.w.servlet.FilterRegistrationBean   : Mapping filter: 'requestContextFilter' to: [/*]
2017-12-07 17:03:50.934  INFO 6504 --- [main] s.c.a.AnnotationConfigApplicationContext : Refreshing org.springframework.context.annotation.AnnotationConfigApplicationContext@696b4a95: startup date [Thu Dec 07 17:03:50 CST 2017]; parent: org.springframework.boot.context.embedded.AnnotationConfigEmbeddedWebApplicationContext@68e62ca4
2017-12-07 17:03:50.969  INFO 6504 --- [main] f.a.AutowiredAnnotationBeanPostProcessor : JSR-330 'javax.inject.Inject' annotation found and supported for autowiring
2017-12-07 17:03:51.611  WARN 6504 --- [main] ationConfigEmbeddedWebApplicationContext : Exception encountered during context initialization - cancelling refresh attempt: org.springframework.beans.factory.UnsatisfiedDependencyException: Error creating bean with name 'dcController': Unsatisfied dependency expressed through field 'dcClient'; nested exception is org.springframework.beans.factory.BeanCreationException: Error creating bean with name 'com.demo.model.DcClient': FactoryBean threw exception on object creation; nested exception is java.lang.IllegalStateException: Method comsumer not annotated with HTTP method type (ex. GET, POST)
2017-12-07 17:03:51.612  INFO 6504 --- [main] s.c.a.AnnotationConfigApplicationContext : Closing org.springframework.context.annotation.AnnotationConfigApplicationContext@696b4a95: startup date [Thu Dec 07 17:03:50 CST 2017]; parent: org.springframework.boot.context.embedded.AnnotationConfigEmbeddedWebApplicationContext@68e62ca4
2017-12-07 17:03:51.615  INFO 6504 --- [main] o.apache.catalina.core.StandardService   : Stopping service Tomcat
2017-12-07 17:03:51.649  INFO 6504 --- [main] utoConfigurationReportLoggingInitializer : 

Error starting ApplicationContext. To display the auto-configuration report re-run your application with 'debug' enabled.
2017-12-07 17:03:51.661 ERROR 6504 --- [main] o.s.boot.SpringApplication               : Application startup failed

org.springframework.beans.factory.UnsatisfiedDependencyException: Error creating bean with name 'dcController': Unsatisfied dependency expressed through field 'dcClient'; nested exception is org.springframework.beans.factory.BeanCreationException: Error creating bean with name 'com.demo.model.DcClient': FactoryBean threw exception on object creation; nested exception is java.lang.IllegalStateException: Method comsumer not annotated with HTTP method type (ex. GET, POST)
	at org.springframework.beans.factory.annotation.AutowiredAnnotationBeanPostProcessor$AutowiredFieldElement.inject(AutowiredAnnotationBeanPostProcessor.java:592) ~[spring-beans-4.3.4.RELEASE.jar:4.3.4.RELEASE]
	at org.springframework.beans.factory.annotation.InjectionMetadata.inject(InjectionMetadata.java:88) ~[spring-beans-4.3.4.RELEASE.jar:4.3.4.RELEASE]
	at org.springframework.beans.factory.annotation.AutowiredAnnotationBeanPostProcessor.postProcessPropertyValues(AutowiredAnnotationBeanPostProcessor.java:370) ~[spring-beans-4.3.4.RELEASE.jar:4.3.4.RELEASE]
	at org.springframework.beans.factory.support.AbstractAutowireCapableBeanFactory.populateBean(AbstractAutowireCapableBeanFactory.java:1219) ~[spring-beans-4.3.4.RELEASE.jar:4.3.4.RELEASE]
	at org.springframework.beans.factory.support.AbstractAutowireCapableBeanFactory.doCreateBean(AbstractAutowireCapableBeanFactory.java:551) ~[spring-beans-4.3.4.RELEASE.jar:4.3.4.RELEASE]
	at org.springframework.beans.factory.support.AbstractAutowireCapableBeanFactory.createBean(AbstractAutowireCapableBeanFactory.java:482) ~[spring-beans-4.3.4.RELEASE.jar:4.3.4.RELEASE]
	at org.springframework.beans.factory.support.AbstractBeanFactory$1.getObject(AbstractBeanFactory.java:306) ~[spring-beans-4.3.4.RELEASE.jar:4.3.4.RELEASE]
	at org.springframework.beans.factory.support.DefaultSingletonBeanRegistry.getSingleton(DefaultSingletonBeanRegistry.java:230) ~[spring-beans-4.3.4.RELEASE.jar:4.3.4.RELEASE]
	at org.springframework.beans.factory.support.AbstractBeanFactory.doGetBean(AbstractBeanFactory.java:302) ~[spring-beans-4.3.4.RELEASE.jar:4.3.4.RELEASE]
	at org.springframework.beans.factory.support.AbstractBeanFactory.getBean(AbstractBeanFactory.java:197) ~[spring-beans-4.3.4.RELEASE.jar:4.3.4.RELEASE]
	at org.springframework.beans.factory.support.DefaultListableBeanFactory.preInstantiateSingletons(DefaultListableBeanFactory.java:754) ~[spring-beans-4.3.4.RELEASE.jar:4.3.4.RELEASE]
	at org.springframework.context.support.AbstractApplicationContext.finishBeanFactoryInitialization(AbstractApplicationContext.java:866) ~[spring-context-4.3.4.RELEASE.jar:4.3.4.RELEASE]
	at org.springframework.context.support.AbstractApplicationContext.refresh(AbstractApplicationContext.java:542) ~[spring-context-4.3.4.RELEASE.jar:4.3.4.RELEASE]
	at org.springframework.boot.context.embedded.EmbeddedWebApplicationContext.refresh(EmbeddedWebApplicationContext.java:122) ~[spring-boot-1.4.2.RELEASE.jar:1.4.2.RELEASE]
	at org.springframework.boot.SpringApplication.refresh(SpringApplication.java:761) ~[spring-boot-1.4.2.RELEASE.jar:1.4.2.RELEASE]
	at org.springframework.boot.SpringApplication.refreshContext(SpringApplication.java:371) ~[spring-boot-1.4.2.RELEASE.jar:1.4.2.RELEASE]
	at org.springframework.boot.SpringApplication.run(SpringApplication.java:315) ~[spring-boot-1.4.2.RELEASE.jar:1.4.2.RELEASE]
	at org.springframework.boot.builder.SpringApplicationBuilder.run(SpringApplicationBuilder.java:134) [spring-boot-1.4.2.RELEASE.jar:1.4.2.RELEASE]
	at com.demo.EurekaConsumerFeignApplication.main(EurekaConsumerFeignApplication.java:16) [classes/:na]
Caused by: org.springframework.beans.factory.BeanCreationException: Error creating bean with name 'com.demo.model.DcClient': FactoryBean threw exception on object creation; nested exception is java.lang.IllegalStateException: Method comsumer not annotated with HTTP method type (ex. GET, POST)
	at org.springframework.beans.factory.support.FactoryBeanRegistrySupport.doGetObjectFromFactoryBean(FactoryBeanRegistrySupport.java:175) ~[spring-beans-4.3.4.RELEASE.jar:4.3.4.RELEASE]
	at org.springframework.beans.factory.support.FactoryBeanRegistrySupport.getObjectFromFactoryBean(FactoryBeanRegistrySupport.java:103) ~[spring-beans-4.3.4.RELEASE.jar:4.3.4.RELEASE]
	at org.springframework.beans.factory.support.AbstractBeanFactory.getObjectForBeanInstance(AbstractBeanFactory.java:1606) ~[spring-beans-4.3.4.RELEASE.jar:4.3.4.RELEASE]
	at org.springframework.beans.factory.support.AbstractBeanFactory.doGetBean(AbstractBeanFactory.java:254) ~[spring-beans-4.3.4.RELEASE.jar:4.3.4.RELEASE]
	at org.springframework.beans.factory.support.AbstractBeanFactory.getBean(AbstractBeanFactory.java:202) ~[spring-beans-4.3.4.RELEASE.jar:4.3.4.RELEASE]
	at org.springframework.beans.factory.config.DependencyDescriptor.resolveCandidate(DependencyDescriptor.java:207) ~[spring-beans-4.3.4.RELEASE.jar:4.3.4.RELEASE]
	at org.springframework.beans.factory.support.DefaultListableBeanFactory.addCandidateEntry(DefaultListableBeanFactory.java:1289) ~[spring-beans-4.3.4.RELEASE.jar:4.3.4.RELEASE]
	at org.springframework.beans.factory.support.DefaultListableBeanFactory.findAutowireCandidates(DefaultListableBeanFactory.java:1258) ~[spring-beans-4.3.4.RELEASE.jar:4.3.4.RELEASE]
	at org.springframework.beans.factory.support.DefaultListableBeanFactory.doResolveDependency(DefaultListableBeanFactory.java:1094) ~[spring-beans-4.3.4.RELEASE.jar:4.3.4.RELEASE]
	at org.springframework.beans.factory.support.DefaultListableBeanFactory.resolveDependency(DefaultListableBeanFactory.java:1059) ~[spring-beans-4.3.4.RELEASE.jar:4.3.4.RELEASE]
	at org.springframework.beans.factory.annotation.AutowiredAnnotationBeanPostProcessor$AutowiredFieldElement.inject(AutowiredAnnotationBeanPostProcessor.java:589) ~[spring-beans-4.3.4.RELEASE.jar:4.3.4.RELEASE]
	... 18 common frames omitted
Caused by: java.lang.IllegalStateException: Method comsumer not annotated with HTTP method type (ex. GET, POST)
	at feign.Util.checkState(Util.java:128) ~[feign-core-9.3.1.jar:na]
	at feign.Contract$BaseContract.parseAndValidateMetadata(Contract.java:97) ~[feign-core-9.3.1.jar:na]
	at org.springframework.cloud.netflix.feign.support.SpringMvcContract.parseAndValidateMetadata(SpringMvcContract.java:133) ~[spring-cloud-netflix-core-1.2.7.RELEASE.jar:1.2.7.RELEASE]
	at feign.Contract$BaseContract.parseAndValidatateMetadata(Contract.java:64) ~[feign-core-9.3.1.jar:na]
	at feign.hystrix.HystrixDelegatingContract.parseAndValidatateMetadata(HystrixDelegatingContract.java:34) ~[feign-hystrix-9.3.1.jar:na]
	at feign.ReflectiveFeign$ParseHandlersByName.apply(ReflectiveFeign.java:146) ~[feign-core-9.3.1.jar:na]
	at feign.ReflectiveFeign.newInstance(ReflectiveFeign.java:53) ~[feign-core-9.3.1.jar:na]
	at feign.Feign$Builder.target(Feign.java:209) ~[feign-core-9.3.1.jar:na]
	at org.springframework.cloud.netflix.feign.HystrixTargeter.target(HystrixTargeter.java:48) ~[spring-cloud-netflix-core-1.2.7.RELEASE.jar:1.2.7.RELEASE]
	at org.springframework.cloud.netflix.feign.FeignClientFactoryBean.loadBalance(FeignClientFactoryBean.java:146) ~[spring-cloud-netflix-core-1.2.7.RELEASE.jar:1.2.7.RELEASE]
	at org.springframework.cloud.netflix.feign.FeignClientFactoryBean.getObject(FeignClientFactoryBean.java:167) ~[spring-cloud-netflix-core-1.2.7.RELEASE.jar:1.2.7.RELEASE]
	at org.springframework.beans.factory.support.FactoryBeanRegistrySupport.doGetObjectFromFactoryBean(FactoryBeanRegistrySupport.java:168) ~[spring-beans-4.3.4.RELEASE.jar:4.3.4.RELEASE]
	... 28 common frames omitted

2017-12-07 17:09:00.530  INFO 13800 --- [main] com.demo.EurekaConsumerFeignApplication  : No active profile set, falling back to default profiles: default
2017-12-07 17:09:00.565  INFO 13800 --- [main] ationConfigEmbeddedWebApplicationContext : Refreshing org.springframework.boot.context.embedded.AnnotationConfigEmbeddedWebApplicationContext@1450078a: startup date [Thu Dec 07 17:09:00 CST 2017]; parent: org.springframework.context.annotation.AnnotationConfigApplicationContext@7c1e2a2d
2017-12-07 17:09:01.873  INFO 13800 --- [main] o.s.cloud.context.scope.GenericScope     : BeanFactory id=21358447-84ed-38e7-ad42-9c7062da2dca
2017-12-07 17:09:01.995  INFO 13800 --- [main] f.a.AutowiredAnnotationBeanPostProcessor : JSR-330 'javax.inject.Inject' annotation found and supported for autowiring
2017-12-07 17:09:02.035  INFO 13800 --- [main] trationDelegate$BeanPostProcessorChecker : Bean 'org.springframework.cloud.autoconfigure.ConfigurationPropertiesRebinderAutoConfiguration' of type [class org.springframework.cloud.autoconfigure.ConfigurationPropertiesRebinderAutoConfiguration$$EnhancerBySpringCGLIB$$621f1ce] is not eligible for getting processed by all BeanPostProcessors (for example: not eligible for auto-proxying)
2017-12-07 17:09:02.601  INFO 13800 --- [main] s.b.c.e.t.TomcatEmbeddedServletContainer : Tomcat initialized with port(s): 2101 (http)
2017-12-07 17:09:02.629  INFO 13800 --- [main] o.apache.catalina.core.StandardService   : Starting service Tomcat
2017-12-07 17:09:02.632  INFO 13800 --- [main] org.apache.catalina.core.StandardEngine  : Starting Servlet Engine: Apache Tomcat/8.5.6
2017-12-07 17:09:02.906  INFO 13800 --- [localhost-startStop-1] o.a.c.c.C.[Tomcat].[localhost].[/]       : Initializing Spring embedded WebApplicationContext
2017-12-07 17:09:02.906  INFO 13800 --- [localhost-startStop-1] o.s.web.context.ContextLoader            : Root WebApplicationContext: initialization completed in 2342 ms
2017-12-07 17:09:04.541  INFO 13800 --- [localhost-startStop-1] o.s.b.w.servlet.ServletRegistrationBean  : Mapping servlet: 'dispatcherServlet' to [/]
2017-12-07 17:09:04.548  INFO 13800 --- [localhost-startStop-1] o.s.b.w.servlet.FilterRegistrationBean   : Mapping filter: 'characterEncodingFilter' to: [/*]
2017-12-07 17:09:04.548  INFO 13800 --- [localhost-startStop-1] o.s.b.w.servlet.FilterRegistrationBean   : Mapping filter: 'hiddenHttpMethodFilter' to: [/*]
2017-12-07 17:09:04.549  INFO 13800 --- [localhost-startStop-1] o.s.b.w.servlet.FilterRegistrationBean   : Mapping filter: 'httpPutFormContentFilter' to: [/*]
2017-12-07 17:09:04.549  INFO 13800 --- [localhost-startStop-1] o.s.b.w.servlet.FilterRegistrationBean   : Mapping filter: 'requestContextFilter' to: [/*]
2017-12-07 17:09:04.763  INFO 13800 --- [main] s.c.a.AnnotationConfigApplicationContext : Refreshing org.springframework.context.annotation.AnnotationConfigApplicationContext@65e0b505: startup date [Thu Dec 07 17:09:04 CST 2017]; parent: org.springframework.boot.context.embedded.AnnotationConfigEmbeddedWebApplicationContext@1450078a
2017-12-07 17:09:04.809  INFO 13800 --- [main] f.a.AutowiredAnnotationBeanPostProcessor : JSR-330 'javax.inject.Inject' annotation found and supported for autowiring
2017-12-07 17:09:05.453  WARN 13800 --- [main] ationConfigEmbeddedWebApplicationContext : Exception encountered during context initialization - cancelling refresh attempt: org.springframework.beans.factory.UnsatisfiedDependencyException: Error creating bean with name 'dcController': Unsatisfied dependency expressed through field 'dcClient'; nested exception is org.springframework.beans.factory.BeanCreationException: Error creating bean with name 'com.demo.model.DcClient': FactoryBean threw exception on object creation; nested exception is java.lang.IllegalStateException: Method comsumer not annotated with HTTP method type (ex. GET, POST)
2017-12-07 17:09:05.455  INFO 13800 --- [main] s.c.a.AnnotationConfigApplicationContext : Closing org.springframework.context.annotation.AnnotationConfigApplicationContext@65e0b505: startup date [Thu Dec 07 17:09:04 CST 2017]; parent: org.springframework.boot.context.embedded.AnnotationConfigEmbeddedWebApplicationContext@1450078a
2017-12-07 17:09:05.457  INFO 13800 --- [main] o.apache.catalina.core.StandardService   : Stopping service Tomcat
2017-12-07 17:09:05.489  INFO 13800 --- [main] utoConfigurationReportLoggingInitializer : 

Error starting ApplicationContext. To display the auto-configuration report re-run your application with 'debug' enabled.
2017-12-07 17:09:05.505 ERROR 13800 --- [main] o.s.boot.SpringApplication               : Application startup failed

org.springframework.beans.factory.UnsatisfiedDependencyException: Error creating bean with name 'dcController': Unsatisfied dependency expressed through field 'dcClient'; nested exception is org.springframework.beans.factory.BeanCreationException: Error creating bean with name 'com.demo.model.DcClient': FactoryBean threw exception on object creation; nested exception is java.lang.IllegalStateException: Method comsumer not annotated with HTTP method type (ex. GET, POST)
	at org.springframework.beans.factory.annotation.AutowiredAnnotationBeanPostProcessor$AutowiredFieldElement.inject(AutowiredAnnotationBeanPostProcessor.java:592) ~[spring-beans-4.3.4.RELEASE.jar:4.3.4.RELEASE]
	at org.springframework.beans.factory.annotation.InjectionMetadata.inject(InjectionMetadata.java:88) ~[spring-beans-4.3.4.RELEASE.jar:4.3.4.RELEASE]
	at org.springframework.beans.factory.annotation.AutowiredAnnotationBeanPostProcessor.postProcessPropertyValues(AutowiredAnnotationBeanPostProcessor.java:370) ~[spring-beans-4.3.4.RELEASE.jar:4.3.4.RELEASE]
	at org.springframework.beans.factory.support.AbstractAutowireCapableBeanFactory.populateBean(AbstractAutowireCapableBeanFactory.java:1219) ~[spring-beans-4.3.4.RELEASE.jar:4.3.4.RELEASE]
	at org.springframework.beans.factory.support.AbstractAutowireCapableBeanFactory.doCreateBean(AbstractAutowireCapableBeanFactory.java:551) ~[spring-beans-4.3.4.RELEASE.jar:4.3.4.RELEASE]
	at org.springframework.beans.factory.support.AbstractAutowireCapableBeanFactory.createBean(AbstractAutowireCapableBeanFactory.java:482) ~[spring-beans-4.3.4.RELEASE.jar:4.3.4.RELEASE]
	at org.springframework.beans.factory.support.AbstractBeanFactory$1.getObject(AbstractBeanFactory.java:306) ~[spring-beans-4.3.4.RELEASE.jar:4.3.4.RELEASE]
	at org.springframework.beans.factory.support.DefaultSingletonBeanRegistry.getSingleton(DefaultSingletonBeanRegistry.java:230) ~[spring-beans-4.3.4.RELEASE.jar:4.3.4.RELEASE]
	at org.springframework.beans.factory.support.AbstractBeanFactory.doGetBean(AbstractBeanFactory.java:302) ~[spring-beans-4.3.4.RELEASE.jar:4.3.4.RELEASE]
	at org.springframework.beans.factory.support.AbstractBeanFactory.getBean(AbstractBeanFactory.java:197) ~[spring-beans-4.3.4.RELEASE.jar:4.3.4.RELEASE]
	at org.springframework.beans.factory.support.DefaultListableBeanFactory.preInstantiateSingletons(DefaultListableBeanFactory.java:754) ~[spring-beans-4.3.4.RELEASE.jar:4.3.4.RELEASE]
	at org.springframework.context.support.AbstractApplicationContext.finishBeanFactoryInitialization(AbstractApplicationContext.java:866) ~[spring-context-4.3.4.RELEASE.jar:4.3.4.RELEASE]
	at org.springframework.context.support.AbstractApplicationContext.refresh(AbstractApplicationContext.java:542) ~[spring-context-4.3.4.RELEASE.jar:4.3.4.RELEASE]
	at org.springframework.boot.context.embedded.EmbeddedWebApplicationContext.refresh(EmbeddedWebApplicationContext.java:122) ~[spring-boot-1.4.2.RELEASE.jar:1.4.2.RELEASE]
	at org.springframework.boot.SpringApplication.refresh(SpringApplication.java:761) ~[spring-boot-1.4.2.RELEASE.jar:1.4.2.RELEASE]
	at org.springframework.boot.SpringApplication.refreshContext(SpringApplication.java:371) ~[spring-boot-1.4.2.RELEASE.jar:1.4.2.RELEASE]
	at org.springframework.boot.SpringApplication.run(SpringApplication.java:315) ~[spring-boot-1.4.2.RELEASE.jar:1.4.2.RELEASE]
	at org.springframework.boot.builder.SpringApplicationBuilder.run(SpringApplicationBuilder.java:134) [spring-boot-1.4.2.RELEASE.jar:1.4.2.RELEASE]
	at com.demo.EurekaConsumerFeignApplication.main(EurekaConsumerFeignApplication.java:16) [classes/:na]
Caused by: org.springframework.beans.factory.BeanCreationException: Error creating bean with name 'com.demo.model.DcClient': FactoryBean threw exception on object creation; nested exception is java.lang.IllegalStateException: Method comsumer not annotated with HTTP method type (ex. GET, POST)
	at org.springframework.beans.factory.support.FactoryBeanRegistrySupport.doGetObjectFromFactoryBean(FactoryBeanRegistrySupport.java:175) ~[spring-beans-4.3.4.RELEASE.jar:4.3.4.RELEASE]
	at org.springframework.beans.factory.support.FactoryBeanRegistrySupport.getObjectFromFactoryBean(FactoryBeanRegistrySupport.java:103) ~[spring-beans-4.3.4.RELEASE.jar:4.3.4.RELEASE]
	at org.springframework.beans.factory.support.AbstractBeanFactory.getObjectForBeanInstance(AbstractBeanFactory.java:1606) ~[spring-beans-4.3.4.RELEASE.jar:4.3.4.RELEASE]
	at org.springframework.beans.factory.support.AbstractBeanFactory.doGetBean(AbstractBeanFactory.java:254) ~[spring-beans-4.3.4.RELEASE.jar:4.3.4.RELEASE]
	at org.springframework.beans.factory.support.AbstractBeanFactory.getBean(AbstractBeanFactory.java:202) ~[spring-beans-4.3.4.RELEASE.jar:4.3.4.RELEASE]
	at org.springframework.beans.factory.config.DependencyDescriptor.resolveCandidate(DependencyDescriptor.java:207) ~[spring-beans-4.3.4.RELEASE.jar:4.3.4.RELEASE]
	at org.springframework.beans.factory.support.DefaultListableBeanFactory.addCandidateEntry(DefaultListableBeanFactory.java:1289) ~[spring-beans-4.3.4.RELEASE.jar:4.3.4.RELEASE]
	at org.springframework.beans.factory.support.DefaultListableBeanFactory.findAutowireCandidates(DefaultListableBeanFactory.java:1258) ~[spring-beans-4.3.4.RELEASE.jar:4.3.4.RELEASE]
	at org.springframework.beans.factory.support.DefaultListableBeanFactory.doResolveDependency(DefaultListableBeanFactory.java:1094) ~[spring-beans-4.3.4.RELEASE.jar:4.3.4.RELEASE]
	at org.springframework.beans.factory.support.DefaultListableBeanFactory.resolveDependency(DefaultListableBeanFactory.java:1059) ~[spring-beans-4.3.4.RELEASE.jar:4.3.4.RELEASE]
	at org.springframework.beans.factory.annotation.AutowiredAnnotationBeanPostProcessor$AutowiredFieldElement.inject(AutowiredAnnotationBeanPostProcessor.java:589) ~[spring-beans-4.3.4.RELEASE.jar:4.3.4.RELEASE]
	... 18 common frames omitted
Caused by: java.lang.IllegalStateException: Method comsumer not annotated with HTTP method type (ex. GET, POST)
	at feign.Util.checkState(Util.java:128) ~[feign-core-9.3.1.jar:na]
	at feign.Contract$BaseContract.parseAndValidateMetadata(Contract.java:97) ~[feign-core-9.3.1.jar:na]
	at org.springframework.cloud.netflix.feign.support.SpringMvcContract.parseAndValidateMetadata(SpringMvcContract.java:133) ~[spring-cloud-netflix-core-1.2.7.RELEASE.jar:1.2.7.RELEASE]
	at feign.Contract$BaseContract.parseAndValidatateMetadata(Contract.java:64) ~[feign-core-9.3.1.jar:na]
	at feign.hystrix.HystrixDelegatingContract.parseAndValidatateMetadata(HystrixDelegatingContract.java:34) ~[feign-hystrix-9.3.1.jar:na]
	at feign.ReflectiveFeign$ParseHandlersByName.apply(ReflectiveFeign.java:146) ~[feign-core-9.3.1.jar:na]
	at feign.ReflectiveFeign.newInstance(ReflectiveFeign.java:53) ~[feign-core-9.3.1.jar:na]
	at feign.Feign$Builder.target(Feign.java:209) ~[feign-core-9.3.1.jar:na]
	at org.springframework.cloud.netflix.feign.HystrixTargeter.target(HystrixTargeter.java:48) ~[spring-cloud-netflix-core-1.2.7.RELEASE.jar:1.2.7.RELEASE]
	at org.springframework.cloud.netflix.feign.FeignClientFactoryBean.loadBalance(FeignClientFactoryBean.java:146) ~[spring-cloud-netflix-core-1.2.7.RELEASE.jar:1.2.7.RELEASE]
	at org.springframework.cloud.netflix.feign.FeignClientFactoryBean.getObject(FeignClientFactoryBean.java:167) ~[spring-cloud-netflix-core-1.2.7.RELEASE.jar:1.2.7.RELEASE]
	at org.springframework.beans.factory.support.FactoryBeanRegistrySupport.doGetObjectFromFactoryBean(FactoryBeanRegistrySupport.java:168) ~[spring-beans-4.3.4.RELEASE.jar:4.3.4.RELEASE]
	... 28 common frames omitted

